<?xml version="1.0" encoding="UTF-8"?>
<!-- Generated by org.testng.reporters.JUnitReportReporter -->
<testsuite name="Practice1.Mtd123" tests="2" time="29.915" ignored="0" failures="0" timestamp="19 Sep 2019 13:40:38 GMT" skipped="0" hostname="LAPTOP-DFDQN7BU" errors="0">
  <testcase name="Click" time="19.371" classname="Practice1.Mtd123"/>
  <testcase name="Login" time="10.544" classname="Practice1.Mtd123"/>
</testsuite> <!-- Practice1.Mtd123 -->
