<?xml version="1.0" encoding="UTF-8"?>
<!-- Generated by org.testng.reporters.JUnitReportReporter -->
<testsuite name="Multiple_classes.ClassTwo" tests="2" time="9.354" ignored="0" failures="0" timestamp="04 Oct 2019 08:50:20 GMT" skipped="0" hostname="LAPTOP-DFDQN7BU" errors="0">
  <testcase name="account" time="3.546" classname="Multiple_classes.ClassTwo"/>
  <testcase name="Login" time="5.808" classname="Multiple_classes.ClassTwo"/>
</testsuite> <!-- Multiple_classes.ClassTwo -->
