<?xml version="1.0" encoding="UTF-8"?>
<!-- Generated by org.testng.reporters.JUnitReportReporter -->
<testsuite name="TestNG_Scripts.After_Before_Test" tests="3" time="1.981" ignored="0" failures="0" timestamp="11 Sep 2019 11:10:46 GMT" skipped="0" hostname="LAPTOP-DFDQN7BU" errors="0">
  <testcase name="A_Login" time="0.503" classname="TestNG_Scripts.After_Before_Test"/>
  <testcase name="B_ClickOnbilling" time="1.470" classname="TestNG_Scripts.After_Before_Test"/>
  <testcase name="C_Assert" time="0.008" classname="TestNG_Scripts.After_Before_Test"/>
</testsuite> <!-- TestNG_Scripts.After_Before_Test -->
