<?xml version="1.0" encoding="UTF-8"?>
<!-- Generated by org.testng.reporters.JUnitReportReporter -->
<testsuite name="Practice_TNG.Pract_TNG1" tests="3" time="2.459" ignored="0" failures="0" timestamp="13 Sep 2019 16:23:42 GMT" skipped="0" hostname="LAPTOP-DFDQN7BU" errors="0">
  <testcase name="C_Assert" time="0.013" classname="Practice_TNG.Pract_TNG1"/>
  <testcase name="b_billing" time="0.645" classname="Practice_TNG.Pract_TNG1"/>
  <testcase name="A_login" time="1.801" classname="Practice_TNG.Pract_TNG1"/>
</testsuite> <!-- Practice_TNG.Pract_TNG1 -->
