<?xml version="1.0" encoding="UTF-8"?>
<!-- Generated by org.testng.reporters.JUnitReportReporter -->
<testsuite name="DataProvider.DataProvider1" tests="4" time="19.083" ignored="0" failures="0" timestamp="19 Sep 2019 15:00:55 GMT" skipped="0" hostname="LAPTOP-DFDQN7BU" errors="0">
  <testcase name="A_Login" time="5.028" classname="DataProvider.DataProvider1"/>
  <testcase name="A_Login" time="5.006" classname="DataProvider.DataProvider1"/>
  <testcase name="A_Login" time="4.474" classname="DataProvider.DataProvider1"/>
  <testcase name="A_Login" time="4.575" classname="DataProvider.DataProvider1"/>
</testsuite> <!-- DataProvider.DataProvider1 -->
