<?xml version="1.0" encoding="UTF-8"?>
<!-- Generated by org.testng.reporters.JUnitReportReporter -->
<testsuite name="Assertion.Assert123" tests="4" time="4.593" ignored="0" failures="0" timestamp="20 Sep 2019 05:51:00 GMT" skipped="0" hostname="LAPTOP-DFDQN7BU" errors="0">
  <testcase name="assertionmtd" time="0.011" classname="Assertion.Assert123"/>
  <testcase name="Verification_Mtd" time="0.011" classname="Assertion.Assert123"/>
  <testcase name="assertionmtd1" time="0.008" classname="Assertion.Assert123"/>
  <testcase name="loginmtd" time="4.563" classname="Assertion.Assert123"/>
</testsuite> <!-- Assertion.Assert123 -->
