<?xml version="1.0" encoding="UTF-8"?>
<!-- Generated by org.testng.reporters.JUnitReportReporter -->
<testsuite name="Listeners.Launching" tests="3" time="19.609" ignored="0" failures="0" timestamp="25 Sep 2019 16:17:35 GMT" skipped="0" hostname="LAPTOP-DFDQN7BU" errors="0">
  <testcase name="Login" time="6.435" classname="Listeners.Launching"/>
  <testcase name="afterTest" time="0.486" classname="Listeners.Launching"/>
  <testcase name="launchingBrowser" time="12.688" classname="Listeners.Launching"/>
</testsuite> <!-- Listeners.Launching -->
