<?xml version="1.0" encoding="UTF-8"?>
<!-- Generated by org.testng.reporters.JUnitReportReporter -->
<testsuite name="DateBase.Connection_1" tests="1" time="0.453" ignored="0" failures="0" timestamp="27 Sep 2019 10:25:17 GMT" skipped="0" hostname="LAPTOP-DFDQN7BU" errors="0">
  <testcase name="Connection" time="0.453" classname="DateBase.Connection_1"/>
</testsuite> <!-- DateBase.Connection_1 -->
