<?xml version="1.0" encoding="UTF-8"?>
<!-- Generated by org.testng.reporters.JUnitReportReporter -->
<testsuite name="Groups.ClassA" tests="2" time="0.016" ignored="4" failures="0" timestamp="20 Sep 2019 06:39:46 GMT" skipped="0" hostname="LAPTOP-DFDQN7BU" errors="0">
  <testcase name="PersonalLoan" time="0.016" classname="Groups.ClassA"/>
  <testcase name="PersonalLoan_car" time="0.000" classname="Groups.ClassA"/>
  <testcase name="PersonalLoan_home" classname="Groups.ClassA">
    <skipped/>
  </testcase> <!-- PersonalLoan_home -->
  <testcase name="PersonalLoan1" classname="Groups.ClassB">
    <skipped/>
  </testcase> <!-- PersonalLoan1 -->
  <testcase name="PersonalLoan_carB" classname="Groups.ClassC">
    <skipped/>
  </testcase> <!-- PersonalLoan_carB -->
  <testcase name="PersonalLoanA" classname="Groups.ClassC">
    <skipped/>
  </testcase> <!-- PersonalLoanA -->
</testsuite> <!-- Groups.ClassA -->
