<?xml version="1.0" encoding="UTF-8"?>
<!-- Generated by org.testng.reporters.JUnitReportReporter -->
<testsuite name="LI_Groups.Class1" tests="1" time="0.024" ignored="0" failures="0" timestamp="26 Sep 2019 16:15:37 GMT" skipped="0" hostname="LAPTOP-DFDQN7BU" errors="0">
  <testcase name="G_close" time="0.024" classname="LI_Groups.Class1"/>
</testsuite> <!-- LI_Groups.Class1 -->
