<?xml version="1.0" encoding="UTF-8"?>
<!-- Generated by org.testng.reporters.JUnitReportReporter -->
<testsuite name="Practice1.Pract123" tests="2" time="10.805" ignored="0" failures="0" timestamp="13 Sep 2019 14:53:02 GMT" skipped="0" hostname="LAPTOP-DFDQN7BU" errors="0">
  <testcase name="B_close" time="1.288" classname="Practice1.Pract123"/>
  <testcase name="A_Launchingbrowser" time="9.517" classname="Practice1.Pract123"/>
</testsuite> <!-- Practice1.Pract123 -->
