<?xml version="1.0" encoding="UTF-8"?>
<!-- Generated by org.testng.reporters.JUnitReportReporter -->
<testsuite name="Multiple_classes.ClassThree" tests="3" time="18.785" ignored="0" failures="0" timestamp="04 Oct 2019 08:50:20 GMT" skipped="0" hostname="LAPTOP-DFDQN7BU" errors="0">
  <testcase name="AccountAdd" time="8.770" classname="Multiple_classes.ClassThree"/>
  <testcase name="Login" time="6.105" classname="Multiple_classes.ClassThree"/>
  <testcase name="account" time="3.910" classname="Multiple_classes.ClassThree"/>
</testsuite> <!-- Multiple_classes.ClassThree -->
