<?xml version="1.0" encoding="UTF-8"?>
<!-- Generated by org.testng.reporters.JUnitReportReporter -->
<testsuite name="TestNG_POS.POS_return" tests="3" time="11.283" ignored="0" failures="0" timestamp="27 Sep 2019 18:35:15 GMT" skipped="0" hostname="LAPTOP-DFDQN7BU" errors="0">
  <testcase name="Receipt" time="0.321" classname="TestNG_POS.POS_return"/>
  <testcase name="A_Login" time="9.156" classname="TestNG_POS.POS_return"/>
  <testcase name="Return" time="1.806" classname="TestNG_POS.POS_return"/>
</testsuite> <!-- TestNG_POS.POS_return -->
