<?xml version="1.0" encoding="UTF-8"?>
<!-- Generated by org.testng.reporters.JUnitReportReporter -->
<testsuite name="Multiple_classes.ClassOne" tests="1" time="6.394" ignored="0" failures="0" timestamp="04 Oct 2019 08:50:20 GMT" skipped="0" hostname="LAPTOP-DFDQN7BU" errors="0">
  <testcase name="Login" time="6.394" classname="Multiple_classes.ClassOne"/>
</testsuite> <!-- Multiple_classes.ClassOne -->
