<?xml version="1.0" encoding="UTF-8"?>
<!-- Generated by org.testng.reporters.JUnitReportReporter -->
<testsuite name="LogicInvoice_Task1.LI_Task1A" tests="4" time="9.860" ignored="0" failures="0" timestamp="13 Sep 2019 10:51:18 GMT" skipped="0" hostname="LAPTOP-DFDQN7BU" errors="0">
  <testcase name="C_AccountAdd" time="8.126" classname="LogicInvoice_Task1.LI_Task1A"/>
  <testcase name="B_Accounting" time="0.450" classname="LogicInvoice_Task1.LI_Task1A"/>
  <testcase name="A_LogicInvoive" time="0.806" classname="LogicInvoice_Task1.LI_Task1A"/>
  <testcase name="getscreenshot" time="0.478" classname="LogicInvoice_Task1.LI_Task1A"/>
</testsuite> <!-- LogicInvoice_Task1.LI_Task1A -->
