<?xml version="1.0" encoding="UTF-8"?>
<!-- Generated by org.testng.reporters.JUnitReportReporter -->
<testsuite name="Listeners.Launching$ClassOne" tests="1" time="6.895" ignored="0" failures="0" timestamp="23 Sep 2019 09:46:13 GMT" skipped="0" hostname="LAPTOP-DFDQN7BU" errors="0">
  <testcase name="B_Login" time="6.895" classname="Listeners.Launching$ClassOne"/>
</testsuite> <!-- Listeners.Launching$ClassOne -->
