<?xml version="1.0" encoding="UTF-8"?>
<!-- Generated by org.testng.reporters.JUnitReportReporter -->
<testsuite name="Groups.Annotation" tests="2" time="0.000" ignored="0" failures="0" timestamp="26 Sep 2019 16:33:41 GMT" skipped="0" hostname="LAPTOP-DFDQN7BU" errors="0">
  <testcase name="Test2" time="0.000" classname="Groups.Annotation"/>
  <testcase name="Test1" time="0.000" classname="Groups.Annotation"/>
</testsuite> <!-- Groups.Annotation -->
